0 info it worked if it ends with ok
1 verbose cli [ 'C:\\Program Files (x86)\\nodejs\\\\node.exe',
1 verbose cli   'C:\\Program Files (x86)\\nodejs\\node_modules\\npm\\bin\\npm-cli.js',
1 verbose cli   'run',
1 verbose cli   'commit' ]
2 info using npm@2.11.3
3 info using node@v0.12.7
4 verbose run-script [ 'precommit', 'commit', 'postcommit' ]
5 info precommit gdespa_api@
6 info commit gdespa_api@
7 verbose unsafe-perm in lifecycle true
8 info gdespa_api@ Failed to exec commit script
9 verbose stack Error: gdespa_api@ commit: `git add -A && git cz && git push`
9 verbose stack Exit status 1
9 verbose stack     at EventEmitter.<anonymous> (C:\Program Files (x86)\nodejs\node_modules\npm\lib\utils\lifecycle.js:213:16)
9 verbose stack     at EventEmitter.emit (events.js:110:17)
9 verbose stack     at ChildProcess.<anonymous> (C:\Program Files (x86)\nodejs\node_modules\npm\lib\utils\spawn.js:24:14)
9 verbose stack     at ChildProcess.emit (events.js:110:17)
9 verbose stack     at maybeClose (child_process.js:1015:16)
9 verbose stack     at Process.ChildProcess._handle.onexit (child_process.js:1087:5)
10 verbose pkgid gdespa_api@
11 verbose cwd C:\Proyectos\gdes_panama\gdespa_api
12 error Windows_NT 6.3.9600
13 error argv "C:\\Program Files (x86)\\nodejs\\\\node.exe" "C:\\Program Files (x86)\\nodejs\\node_modules\\npm\\bin\\npm-cli.js" "run" "commit"
14 error node v0.12.7
15 error npm  v2.11.3
16 error code ELIFECYCLE
17 error gdespa_api@ commit: `git add -A && git cz && git push`
17 error Exit status 1
18 error Failed at the gdespa_api@ commit script 'git add -A && git cz && git push'.
18 error This is most likely a problem with the gdespa_api package,
18 error not with npm itself.
18 error Tell the author that this fails on your system:
18 error     git add -A && git cz && git push
18 error You can get their info via:
18 error     npm owner ls gdespa_api
18 error There is likely additional logging output above.
19 verbose exit [ 1, true ]
